<?xml version="1.0" encoding="UTF-8"?>
<testng-results ignored="0" total="1" passed="1" failed="0" skipped="0">
  <reporter-output>
  </reporter-output>
  <suite started-at="2024-06-14T13:20:00 IST" name="Default suite" finished-at="2024-06-14T13:20:14 IST" duration-ms="14760">
    <groups>
    </groups>
    <test started-at="2024-06-14T13:20:00 IST" name="Default test" finished-at="2024-06-14T13:20:14 IST" duration-ms="14760">
      <class name="RahulShettyAcademy.SeleniumFrameworkDesign.StandAloneTest_POMReference">
        <test-method is-config="true" signature="launchApplication()[pri:0, instance:RahulShettyAcademy.SeleniumFrameworkDesign.StandAloneTest_POMReference@5d534f5d]" started-at="2024-06-14T13:20:00 IST" name="launchApplication" finished-at="2024-06-14T13:20:06 IST" duration-ms="5945" status="PASS">
          <reporter-output>
          </reporter-output>
        </test-method> <!-- launchApplication -->
        <test-method signature="submitOrder()[pri:0, instance:RahulShettyAcademy.SeleniumFrameworkDesign.StandAloneTest_POMReference@5d534f5d]" started-at="2024-06-14T13:20:06 IST" name="submitOrder" finished-at="2024-06-14T13:20:14 IST" duration-ms="8575" status="PASS">
          <reporter-output>
          </reporter-output>
        </test-method> <!-- submitOrder -->
        <test-method is-config="true" signature="tearDown()[pri:0, instance:RahulShettyAcademy.SeleniumFrameworkDesign.StandAloneTest_POMReference@5d534f5d]" started-at="2024-06-14T13:20:14 IST" name="tearDown" finished-at="2024-06-14T13:20:14 IST" duration-ms="175" status="PASS">
          <reporter-output>
          </reporter-output>
        </test-method> <!-- tearDown -->
      </class> <!-- RahulShettyAcademy.SeleniumFrameworkDesign.StandAloneTest_POMReference -->
    </test> <!-- Default test -->
  </suite> <!-- Default suite -->
</testng-results>
